This file contains any messages produced by compilers while
running configure, to aid debugging if configure makes a mistake.

It was created by PCRE configure 7.4, which was
generated by GNU Autoconf 2.61.  Invocation command line was

  $ ./configure --prefix=/Users/olivier/PROGRAMS/FIRE/PROGRAMS/pcre-7.4/../../modules

## --------- ##
## Platform. ##
## --------- ##

hostname = mac131043.med.cornell.edu
uname -m = i386
uname -r = 9.4.0
uname -s = Darwin
uname -v = Darwin Kernel Version 9.4.0: Mon Jun  9 19:30:53 PDT 2008; root:xnu-1228.5.20~1/RELEASE_I386

/usr/bin/uname -p = i386
/bin/uname -X     = unknown

/bin/arch              = unknown
/usr/bin/arch -k       = unknown
/usr/convex/getsysinfo = unknown
/usr/bin/hostinfo      = Mach kernel version:
	 Darwin Kernel Version 9.4.0: Mon Jun  9 19:30:53 PDT 2008; root:xnu-1228.5.20~1/RELEASE_I386
Kernel configured for up to 2 processors.
2 processors are physically available.
2 processors are logically available.
Processor type: i486 (Intel 80486)
Processors active: 0 1
Primary memory available: 4.00 gigabytes
Default processor set: 84 tasks, 319 threads, 2 processors
Load average: 0.55, Mach factor: 1.43
/bin/machine           = unknown
/usr/bin/oslevel       = unknown
/bin/universe          = unknown

PATH: /usr/bin
PATH: /bin
PATH: /usr/sbin
PATH: /sbin
PATH: /usr/local/bin
PATH: /usr/X11/bin
PATH: /opt/local/bin
PATH: /Users/olivier/PERL_MODULES/SCRIPTS
PATH: /Users/olivier/PERL_MODULES/SHELL
PATH: /Users/olivier/PERL_MODULES/PROGRAMS/BLAST/bin
PATH: /Users/olivier/PROGRAMS/PAGE
PATH: /Users/olivier/PROGRAMS/FIRE
PATH: /Users/olivier/PROGRAMS/FIRE/MORESCRIPTS
PATH: /Users/olivier/PERL_MODULES/PROGRAMS/CLUSTALW/clustalw1.83


## ----------- ##
## Core tests. ##
## ----------- ##

configure:2023: checking for a BSD-compatible install
configure:2079: result: /usr/bin/install -c
configure:2090: checking whether build environment is sane
configure:2133: result: yes
configure:2161: checking for a thread-safe mkdir -p
configure:2200: result: /opt/local/bin/gmkdir -p
configure:2213: checking for gawk
configure:2243: result: no
configure:2213: checking for mawk
configure:2243: result: no
configure:2213: checking for nawk
configure:2243: result: no
configure:2213: checking for awk
configure:2229: found /usr/bin/awk
configure:2240: result: awk
configure:2251: checking whether make sets $(MAKE)
configure:2272: result: yes
configure:2524: checking for gcc
configure:2540: found /usr/bin/gcc
configure:2551: result: gcc
configure:2789: checking for C compiler version
configure:2796: gcc --version >&5
i686-apple-darwin9-gcc-4.0.1 (GCC) 4.0.1 (Apple Inc. build 5484)
Copyright (C) 2005 Free Software Foundation, Inc.
This is free software; see the source for copying conditions.  There is NO
warranty; not even for MERCHANTABILITY or FITNESS FOR A PARTICULAR PURPOSE.

configure:2799: $? = 0
configure:2806: gcc -v >&5
Using built-in specs.
Target: i686-apple-darwin9
Configured with: /var/tmp/gcc/gcc-5484~1/src/configure --disable-checking -enable-werror --prefix=/usr --mandir=/share/man --enable-languages=c,objc,c++,obj-c++ --program-transform-name=/^[cg][^.-]*$/s/$/-4.0/ --with-gxx-include-dir=/include/c++/4.0.0 --with-slibdir=/usr/lib --build=i686-apple-darwin9 --with-arch=apple --with-tune=generic --host=i686-apple-darwin9 --target=i686-apple-darwin9
Thread model: posix
gcc version 4.0.1 (Apple Inc. build 5484)
configure:2809: $? = 0
configure:2816: gcc -V >&5
gcc-4.0: argument to `-V' is missing
configure:2819: $? = 1
configure:2842: checking for C compiler default output file name
configure:2869: gcc    conftest.c  >&5
configure:2872: $? = 0
configure:2910: result: a.out
configure:2927: checking whether the C compiler works
configure:2937: ./a.out
configure:2940: $? = 0
configure:2957: result: yes
configure:2964: checking whether we are cross compiling
configure:2966: result: no
configure:2969: checking for suffix of executables
configure:2976: gcc -o conftest    conftest.c  >&5
configure:2979: $? = 0
configure:3003: result: 
configure:3009: checking for suffix of object files
configure:3035: gcc -c   conftest.c >&5
configure:3038: $? = 0
configure:3061: result: o
configure:3065: checking whether we are using the GNU C compiler
configure:3094: gcc -c   conftest.c >&5
configure:3100: $? = 0
configure:3117: result: yes
configure:3122: checking whether gcc accepts -g
configure:3152: gcc -c -g  conftest.c >&5
configure:3158: $? = 0
configure:3257: result: yes
configure:3274: checking for gcc option to accept ISO C89
configure:3348: gcc  -c -g -O2  conftest.c >&5
configure:3354: $? = 0
configure:3377: result: none needed
configure:3406: checking for style of include used by make
configure:3434: result: GNU
configure:3459: checking dependency style of gcc
configure:3550: result: gcc3
configure:3623: checking for g++
configure:3639: found /usr/bin/g++
configure:3650: result: g++
configure:3681: checking for C++ compiler version
configure:3688: g++ --version >&5
i686-apple-darwin9-g++-4.0.1 (GCC) 4.0.1 (Apple Inc. build 5484)
Copyright (C) 2005 Free Software Foundation, Inc.
This is free software; see the source for copying conditions.  There is NO
warranty; not even for MERCHANTABILITY or FITNESS FOR A PARTICULAR PURPOSE.

configure:3691: $? = 0
configure:3698: g++ -v >&5
Using built-in specs.
Target: i686-apple-darwin9
Configured with: /var/tmp/gcc/gcc-5484~1/src/configure --disable-checking -enable-werror --prefix=/usr --mandir=/share/man --enable-languages=c,objc,c++,obj-c++ --program-transform-name=/^[cg][^.-]*$/s/$/-4.0/ --with-gxx-include-dir=/include/c++/4.0.0 --with-slibdir=/usr/lib --build=i686-apple-darwin9 --with-arch=apple --with-tune=generic --host=i686-apple-darwin9 --target=i686-apple-darwin9
Thread model: posix
gcc version 4.0.1 (Apple Inc. build 5484)
configure:3701: $? = 0
configure:3708: g++ -V >&5
g++-4.0: argument to `-V' is missing
configure:3711: $? = 1
configure:3714: checking whether we are using the GNU C++ compiler
configure:3743: g++ -c   conftest.cpp >&5
configure:3749: $? = 0
configure:3766: result: yes
configure:3771: checking whether g++ accepts -g
configure:3801: g++ -c -g  conftest.cpp >&5
configure:3807: $? = 0
configure:3906: result: yes
configure:3931: checking dependency style of g++
configure:4022: result: gcc3
configure:4074: checking for a BSD-compatible install
configure:4130: result: /usr/bin/install -c
configure:4221: checking build system type
configure:4239: result: i386-apple-darwin9.4.0
configure:4261: checking host system type
configure:4276: result: i386-apple-darwin9.4.0
configure:4298: checking for a sed that does not truncate output
configure:4354: result: /usr/bin/sed
configure:4357: checking for grep that handles long lines and -e
configure:4431: result: /usr/bin/grep
configure:4436: checking for egrep
configure:4514: result: /usr/bin/grep -E
configure:4530: checking for ld used by gcc
configure:4597: result: /usr/libexec/gcc/i686-apple-darwin9/4.0.1/ld
configure:4606: checking if the linker (/usr/libexec/gcc/i686-apple-darwin9/4.0.1/ld) is GNU ld
configure:4621: result: no
configure:4626: checking for /usr/libexec/gcc/i686-apple-darwin9/4.0.1/ld option to reload object files
configure:4633: result: -r
configure:4651: checking for BSD-compatible nm
configure:4700: result: /usr/bin/nm -p
configure:4704: checking whether ln -s works
configure:4708: result: yes
configure:4715: checking how to recognize dependent libraries
configure:4901: result: pass_all
configure:5432: checking how to run the C preprocessor
configure:5472: gcc -E  conftest.c
configure:5478: $? = 0
configure:5509: gcc -E  conftest.c
conftest.c:10:28: error: ac_nonexistent.h: No such file or directory
configure:5515: $? = 1
configure: failed program was:
| /* confdefs.h.  */
| #define PACKAGE_NAME "PCRE"
| #define PACKAGE_TARNAME "pcre"
| #define PACKAGE_VERSION "7.4"
| #define PACKAGE_STRING "PCRE 7.4"
| #define PACKAGE_BUGREPORT ""
| #define PACKAGE "pcre"
| #define VERSION "7.4"
| /* end confdefs.h.  */
| #include <ac_nonexistent.h>
configure:5548: result: gcc -E
configure:5577: gcc -E  conftest.c
configure:5583: $? = 0
configure:5614: gcc -E  conftest.c
conftest.c:10:28: error: ac_nonexistent.h: No such file or directory
configure:5620: $? = 1
configure: failed program was:
| /* confdefs.h.  */
| #define PACKAGE_NAME "PCRE"
| #define PACKAGE_TARNAME "pcre"
| #define PACKAGE_VERSION "7.4"
| #define PACKAGE_STRING "PCRE 7.4"
| #define PACKAGE_BUGREPORT ""
| #define PACKAGE "pcre"
| #define VERSION "7.4"
| /* end confdefs.h.  */
| #include <ac_nonexistent.h>
configure:5658: checking for ANSI C header files
configure:5688: gcc -c -O2  conftest.c >&5
configure:5694: $? = 0
configure:5793: gcc -o conftest -O2   conftest.c  >&5
configure:5796: $? = 0
configure:5802: ./conftest
configure:5805: $? = 0
configure:5822: result: yes
configure:5846: checking for sys/types.h
configure:5867: gcc -c -O2  conftest.c >&5
configure:5873: $? = 0
configure:5889: result: yes
configure:5846: checking for sys/stat.h
configure:5867: gcc -c -O2  conftest.c >&5
configure:5873: $? = 0
configure:5889: result: yes
configure:5846: checking for stdlib.h
configure:5867: gcc -c -O2  conftest.c >&5
configure:5873: $? = 0
configure:5889: result: yes
configure:5846: checking for string.h
configure:5867: gcc -c -O2  conftest.c >&5
configure:5873: $? = 0
configure:5889: result: yes
configure:5846: checking for memory.h
configure:5867: gcc -c -O2  conftest.c >&5
configure:5873: $? = 0
configure:5889: result: yes
configure:5846: checking for strings.h
configure:5867: gcc -c -O2  conftest.c >&5
configure:5873: $? = 0
configure:5889: result: yes
configure:5846: checking for inttypes.h
configure:5867: gcc -c -O2  conftest.c >&5
configure:5873: $? = 0
configure:5889: result: yes
configure:5846: checking for stdint.h
configure:5867: gcc -c -O2  conftest.c >&5
configure:5873: $? = 0
configure:5889: result: yes
configure:5846: checking for unistd.h
configure:5867: gcc -c -O2  conftest.c >&5
configure:5873: $? = 0
configure:5889: result: yes
configure:5916: checking dlfcn.h usability
configure:5933: gcc -c -O2  conftest.c >&5
configure:5939: $? = 0
configure:5953: result: yes
configure:5957: checking dlfcn.h presence
configure:5972: gcc -E  conftest.c
configure:5978: $? = 0
configure:5992: result: yes
configure:6020: checking for dlfcn.h
configure:6028: result: yes
configure:6051: checking how to run the C++ preprocessor
configure:6087: g++ -E  conftest.cpp
configure:6093: $? = 0
configure:6124: g++ -E  conftest.cpp
conftest.cpp:21:28: error: ac_nonexistent.h: No such file or directory
configure:6130: $? = 1
configure: failed program was:
| /* confdefs.h.  */
| #define PACKAGE_NAME "PCRE"
| #define PACKAGE_TARNAME "pcre"
| #define PACKAGE_VERSION "7.4"
| #define PACKAGE_STRING "PCRE 7.4"
| #define PACKAGE_BUGREPORT ""
| #define PACKAGE "pcre"
| #define VERSION "7.4"
| #define STDC_HEADERS 1
| #define HAVE_SYS_TYPES_H 1
| #define HAVE_SYS_STAT_H 1
| #define HAVE_STDLIB_H 1
| #define HAVE_STRING_H 1
| #define HAVE_MEMORY_H 1
| #define HAVE_STRINGS_H 1
| #define HAVE_INTTYPES_H 1
| #define HAVE_STDINT_H 1
| #define HAVE_UNISTD_H 1
| #define HAVE_DLFCN_H 1
| /* end confdefs.h.  */
| #include <ac_nonexistent.h>
configure:6163: result: g++ -E
configure:6192: g++ -E  conftest.cpp
configure:6198: $? = 0
configure:6229: g++ -E  conftest.cpp
conftest.cpp:21:28: error: ac_nonexistent.h: No such file or directory
configure:6235: $? = 1
configure: failed program was:
| /* confdefs.h.  */
| #define PACKAGE_NAME "PCRE"
| #define PACKAGE_TARNAME "pcre"
| #define PACKAGE_VERSION "7.4"
| #define PACKAGE_STRING "PCRE 7.4"
| #define PACKAGE_BUGREPORT ""
| #define PACKAGE "pcre"
| #define VERSION "7.4"
| #define STDC_HEADERS 1
| #define HAVE_SYS_TYPES_H 1
| #define HAVE_SYS_STAT_H 1
| #define HAVE_STDLIB_H 1
| #define HAVE_STRING_H 1
| #define HAVE_MEMORY_H 1
| #define HAVE_STRINGS_H 1
| #define HAVE_INTTYPES_H 1
| #define HAVE_STDINT_H 1
| #define HAVE_UNISTD_H 1
| #define HAVE_DLFCN_H 1
| /* end confdefs.h.  */
| #include <ac_nonexistent.h>
configure:6328: checking for g77
configure:6358: result: no
configure:6328: checking for xlf
configure:6358: result: no
configure:6328: checking for f77
configure:6358: result: no
configure:6328: checking for frt
configure:6358: result: no
configure:6328: checking for pgf77
configure:6358: result: no
configure:6328: checking for cf77
configure:6358: result: no
configure:6328: checking for fort77
configure:6358: result: no
configure:6328: checking for fl32
configure:6358: result: no
configure:6328: checking for af77
configure:6358: result: no
configure:6328: checking for xlf90
configure:6358: result: no
configure:6328: checking for f90
configure:6358: result: no
configure:6328: checking for pgf90
configure:6358: result: no
configure:6328: checking for pghpf
configure:6358: result: no
configure:6328: checking for epcf90
configure:6358: result: no
configure:6328: checking for gfortran
configure:6344: found /usr/local/bin/gfortran
configure:6355: result: gfortran
configure:6385: checking for Fortran 77 compiler version
configure:6392: gfortran --version >&5
GNU Fortran (GCC) 4.2.3
Copyright (C) 2007 Free Software Foundation, Inc.

GNU Fortran comes with NO WARRANTY, to the extent permitted by law.
You may redistribute copies of GNU Fortran
under the terms of the GNU General Public License.
For more information about these matters, see the file named COPYING

configure:6395: $? = 0
configure:6402: gfortran -v >&5
Using built-in specs.
Target: i686-apple-darwin8
Configured with: /Builds/unix/gcc/gcc-4.2/configure --prefix=/usr/local --mandir=/share/man --program-transform-name=/^[cg][^.-]*$/s/$/-4.2/ --build=i686-apple-darwin8 --host=i686-apple-darwin8 --target=i686-apple-darwin8 --enable-languages=fortran
Thread model: posix
gcc version 4.2.3
configure:6405: $? = 0
configure:6412: gfortran -V >&5
gfortran: argument to `-V' is missing
configure:6415: $? = 1
configure:6423: checking whether we are using the GNU Fortran 77 compiler
configure:6442: gfortran -c  conftest.F >&5
configure:6448: $? = 0
configure:6465: result: yes
configure:6471: checking whether gfortran accepts -g
configure:6488: gfortran -c -g conftest.f >&5
configure:6494: $? = 0
configure:6510: result: yes
configure:6540: checking the maximum length of command line arguments
configure:6649: result: 196608
configure:6660: checking command to parse /usr/bin/nm -p output from gcc object
configure:6765: gcc -c -O2  conftest.c >&5
configure:6768: $? = 0
configure:6772: /usr/bin/nm -p conftest.o \| sed -n -e 's/^.*[ 	]\([BCDEGRST][BCDEGRST]*\)[ 	][ 	]*\([_A-Za-z][_A-Za-z0-9]*\)$/\1 \2 \2/p' \> conftest.nm
configure:6775: $? = 0
cannot find nm_test_var in conftest.nm
configure:6765: gcc -c -O2  conftest.c >&5
configure:6768: $? = 0
configure:6772: /usr/bin/nm -p conftest.o \| sed -n -e 's/^.*[ 	]\([BCDEGRST][BCDEGRST]*\)[ 	][ 	]*_\([_A-Za-z][_A-Za-z0-9]*\)$/\1 _\2 \2/p' \> conftest.nm
configure:6775: $? = 0
configure:6827: gcc -o conftest -O2   conftest.c conftstm.o >&5
configure:6830: $? = 0
configure:6868: result: ok
configure:6872: checking for objdir
configure:6887: result: .libs
configure:6979: checking for ar
configure:6995: found /usr/bin/ar
configure:7006: result: ar
configure:7075: checking for ranlib
configure:7091: found /usr/bin/ranlib
configure:7102: result: ranlib
configure:7171: checking for strip
configure:7187: found /usr/bin/strip
configure:7198: result: strip
configure:7484: checking if gcc supports -fno-rtti -fno-exceptions
configure:7502: gcc -c -O2  -fno-rtti -fno-exceptions conftest.c >&5
cc1: warning: command line option "-fno-rtti" is valid for C++/ObjC++ but not for C
configure:7506: $? = 0
configure:7519: result: no
configure:7534: checking for gcc option to produce PIC
configure:7766: result: -fno-common
configure:7774: checking if gcc PIC flag -fno-common works
configure:7792: gcc -c -O2  -fno-common -DPIC conftest.c >&5
configure:7796: $? = 0
configure:7809: result: yes
configure:7837: checking if gcc static flag -static works
configure:7865: result: no
configure:7875: checking if gcc supports -c -o file.o
configure:7896: gcc -c -O2  -o out/conftest2.o conftest.c >&5
configure:7900: $? = 0
configure:7922: result: yes
configure:7948: checking whether the gcc linker (/usr/libexec/gcc/i686-apple-darwin9/4.0.1/ld) supports shared libraries
configure:8924: result: yes
configure:8991: checking dynamic linker characteristics
configure:9559: result: darwin9.4.0 dyld
configure:9568: checking how to hardcode library paths into programs
configure:9593: result: immediate
configure:9607: checking whether stripping libraries is possible
configure:9620: result: yes
configure:10413: checking if libtool supports shared libraries
configure:10415: result: yes
configure:10418: checking whether to build shared libraries
configure:10439: result: yes
configure:10442: checking whether to build static libraries
configure:10446: result: yes
configure:10538: creating libtool
configure:11126: checking for ld used by g++
configure:11193: result: /usr/libexec/gcc/i686-apple-darwin9/4.0.1/ld
configure:11202: checking if the linker (/usr/libexec/gcc/i686-apple-darwin9/4.0.1/ld) is GNU ld
configure:11217: result: no
configure:11268: checking whether the g++ linker (/usr/libexec/gcc/i686-apple-darwin9/4.0.1/ld) supports shared libraries
configure:12238: result: yes
configure:12256: g++ -c -O2  conftest.cpp >&5
configure:12259: $? = 0
configure:12411: checking for g++ option to produce PIC
configure:12695: result: -fno-common
configure:12703: checking if g++ PIC flag -fno-common works
configure:12721: g++ -c -O2  -fno-common -DPIC conftest.cpp >&5
configure:12725: $? = 0
configure:12738: result: yes
configure:12766: checking if g++ static flag -static works
configure:12794: result: no
configure:12804: checking if g++ supports -c -o file.o
configure:12825: g++ -c -O2  -o out/conftest2.o conftest.cpp >&5
configure:12829: $? = 0
configure:12851: result: yes
configure:12877: checking whether the g++ linker (/usr/libexec/gcc/i686-apple-darwin9/4.0.1/ld) supports shared libraries
configure:12902: result: yes
configure:12969: checking dynamic linker characteristics
configure:13537: result: darwin9.4.0 dyld
configure:13546: checking how to hardcode library paths into programs
configure:13571: result: immediate
configure:14104: checking if libtool supports shared libraries
configure:14106: result: yes
configure:14109: checking whether to build shared libraries
configure:14129: result: yes
configure:14132: checking whether to build static libraries
configure:14136: result: yes
configure:14146: checking for gfortran option to produce PIC
configure:14378: result: -fno-common
configure:14386: checking if gfortran PIC flag -fno-common works
configure:14404: gfortran -c -g -O2 -fno-common conftest.f >&5
configure:14408: $? = 0
configure:14421: result: yes
configure:14449: checking if gfortran static flag -static works
configure:14477: result: no
configure:14487: checking if gfortran supports -c -o file.o
configure:14508: gfortran -c -g -O2 -o out/conftest2.o conftest.f >&5
configure:14512: $? = 0
configure:14534: result: yes
configure:14560: checking whether the gfortran linker (/usr/libexec/gcc/i686-apple-darwin9/4.0.1/ld) supports shared libraries
configure:15516: result: yes
configure:15583: checking dynamic linker characteristics
configure:16151: result: darwin9.4.0 dyld
configure:16160: checking how to hardcode library paths into programs
configure:16185: result: immediate
configure:19766: checking whether ln -s works
configure:19770: result: yes
configure:19989: checking for ANSI C header files
configure:20153: result: yes
configure:20182: checking limits.h usability
configure:20199: gcc -c -O2  conftest.c >&5
configure:20205: $? = 0
configure:20219: result: yes
configure:20223: checking limits.h presence
configure:20238: gcc -E  conftest.c
configure:20244: $? = 0
configure:20258: result: yes
configure:20286: checking for limits.h
configure:20294: result: yes
configure:20172: checking for sys/types.h
configure:20178: result: yes
configure:20172: checking for sys/stat.h
configure:20178: result: yes
configure:20182: checking dirent.h usability
configure:20199: gcc -c -O2  conftest.c >&5
configure:20205: $? = 0
configure:20219: result: yes
configure:20223: checking dirent.h presence
configure:20238: gcc -E  conftest.c
configure:20244: $? = 0
configure:20258: result: yes
configure:20286: checking for dirent.h
configure:20294: result: yes
configure:20182: checking windows.h usability
configure:20199: gcc -c -O2  conftest.c >&5
conftest.c:59:21: error: windows.h: No such file or directory
configure:20205: $? = 1
configure: failed program was:
| /* confdefs.h.  */
| #define PACKAGE_NAME "PCRE"
| #define PACKAGE_TARNAME "pcre"
| #define PACKAGE_VERSION "7.4"
| #define PACKAGE_STRING "PCRE 7.4"
| #define PACKAGE_BUGREPORT ""
| #define PACKAGE "pcre"
| #define VERSION "7.4"
| #define STDC_HEADERS 1
| #define HAVE_SYS_TYPES_H 1
| #define HAVE_SYS_STAT_H 1
| #define HAVE_STDLIB_H 1
| #define HAVE_STRING_H 1
| #define HAVE_MEMORY_H 1
| #define HAVE_STRINGS_H 1
| #define HAVE_INTTYPES_H 1
| #define HAVE_STDINT_H 1
| #define HAVE_UNISTD_H 1
| #define HAVE_DLFCN_H 1
| #define STDC_HEADERS 1
| #define HAVE_LIMITS_H 1
| #define HAVE_SYS_TYPES_H 1
| #define HAVE_SYS_STAT_H 1
| #define HAVE_DIRENT_H 1
| /* end confdefs.h.  */
| #include <stdio.h>
| #ifdef HAVE_SYS_TYPES_H
| # include <sys/types.h>
| #endif
| #ifdef HAVE_SYS_STAT_H
| # include <sys/stat.h>
| #endif
| #ifdef STDC_HEADERS
| # include <stdlib.h>
| # include <stddef.h>
| #else
| # ifdef HAVE_STDLIB_H
| #  include <stdlib.h>
| # endif
| #endif
| #ifdef HAVE_STRING_H
| # if !defined STDC_HEADERS && defined HAVE_MEMORY_H
| #  include <memory.h>
| # endif
| # include <string.h>
| #endif
| #ifdef HAVE_STRINGS_H
| # include <strings.h>
| #endif
| #ifdef HAVE_INTTYPES_H
| # include <inttypes.h>
| #endif
| #ifdef HAVE_STDINT_H
| # include <stdint.h>
| #endif
| #ifdef HAVE_UNISTD_H
| # include <unistd.h>
| #endif
| #include <windows.h>
configure:20219: result: no
configure:20223: checking windows.h presence
configure:20238: gcc -E  conftest.c
conftest.c:26:21: error: windows.h: No such file or directory
configure:20244: $? = 1
configure: failed program was:
| /* confdefs.h.  */
| #define PACKAGE_NAME "PCRE"
| #define PACKAGE_TARNAME "pcre"
| #define PACKAGE_VERSION "7.4"
| #define PACKAGE_STRING "PCRE 7.4"
| #define PACKAGE_BUGREPORT ""
| #define PACKAGE "pcre"
| #define VERSION "7.4"
| #define STDC_HEADERS 1
| #define HAVE_SYS_TYPES_H 1
| #define HAVE_SYS_STAT_H 1
| #define HAVE_STDLIB_H 1
| #define HAVE_STRING_H 1
| #define HAVE_MEMORY_H 1
| #define HAVE_STRINGS_H 1
| #define HAVE_INTTYPES_H 1
| #define HAVE_STDINT_H 1
| #define HAVE_UNISTD_H 1
| #define HAVE_DLFCN_H 1
| #define STDC_HEADERS 1
| #define HAVE_LIMITS_H 1
| #define HAVE_SYS_TYPES_H 1
| #define HAVE_SYS_STAT_H 1
| #define HAVE_DIRENT_H 1
| /* end confdefs.h.  */
| #include <windows.h>
configure:20258: result: no
configure:20286: checking for windows.h
configure:20294: result: no
configure:20339: checking string usability
configure:20356: g++ -c -O2  conftest.cpp >&5
configure:20362: $? = 0
configure:20376: result: yes
configure:20380: checking string presence
configure:20395: g++ -E  conftest.cpp
configure:20401: $? = 0
configure:20415: result: yes
configure:20443: checking for string
configure:20451: result: yes
configure:20481: checking bits/type_traits.h usability
configure:20498: g++ -c -O2  conftest.cpp >&5
conftest.cpp:60:30: error: bits/type_traits.h: No such file or directory
configure:20504: $? = 1
configure: failed program was:
| /* confdefs.h.  */
| #define PACKAGE_NAME "PCRE"
| #define PACKAGE_TARNAME "pcre"
| #define PACKAGE_VERSION "7.4"
| #define PACKAGE_STRING "PCRE 7.4"
| #define PACKAGE_BUGREPORT ""
| #define PACKAGE "pcre"
| #define VERSION "7.4"
| #define STDC_HEADERS 1
| #define HAVE_SYS_TYPES_H 1
| #define HAVE_SYS_STAT_H 1
| #define HAVE_STDLIB_H 1
| #define HAVE_STRING_H 1
| #define HAVE_MEMORY_H 1
| #define HAVE_STRINGS_H 1
| #define HAVE_INTTYPES_H 1
| #define HAVE_STDINT_H 1
| #define HAVE_UNISTD_H 1
| #define HAVE_DLFCN_H 1
| #define STDC_HEADERS 1
| #define HAVE_LIMITS_H 1
| #define HAVE_SYS_TYPES_H 1
| #define HAVE_SYS_STAT_H 1
| #define HAVE_DIRENT_H 1
| #define HAVE_STRING 1
| /* end confdefs.h.  */
| #include <stdio.h>
| #ifdef HAVE_SYS_TYPES_H
| # include <sys/types.h>
| #endif
| #ifdef HAVE_SYS_STAT_H
| # include <sys/stat.h>
| #endif
| #ifdef STDC_HEADERS
| # include <stdlib.h>
| # include <stddef.h>
| #else
| # ifdef HAVE_STDLIB_H
| #  include <stdlib.h>
| # endif
| #endif
| #ifdef HAVE_STRING_H
| # if !defined STDC_HEADERS && defined HAVE_MEMORY_H
| #  include <memory.h>
| # endif
| # include <string.h>
| #endif
| #ifdef HAVE_STRINGS_H
| # include <strings.h>
| #endif
| #ifdef HAVE_INTTYPES_H
| # include <inttypes.h>
| #endif
| #ifdef HAVE_STDINT_H
| # include <stdint.h>
| #endif
| #ifdef HAVE_UNISTD_H
| # include <unistd.h>
| #endif
| #include <bits/type_traits.h>
configure:20518: result: no
configure:20522: checking bits/type_traits.h presence
configure:20537: g++ -E  conftest.cpp
conftest.cpp:27:30: error: bits/type_traits.h: No such file or directory
configure:20543: $? = 1
configure: failed program was:
| /* confdefs.h.  */
| #define PACKAGE_NAME "PCRE"
| #define PACKAGE_TARNAME "pcre"
| #define PACKAGE_VERSION "7.4"
| #define PACKAGE_STRING "PCRE 7.4"
| #define PACKAGE_BUGREPORT ""
| #define PACKAGE "pcre"
| #define VERSION "7.4"
| #define STDC_HEADERS 1
| #define HAVE_SYS_TYPES_H 1
| #define HAVE_SYS_STAT_H 1
| #define HAVE_STDLIB_H 1
| #define HAVE_STRING_H 1
| #define HAVE_MEMORY_H 1
| #define HAVE_STRINGS_H 1
| #define HAVE_INTTYPES_H 1
| #define HAVE_STDINT_H 1
| #define HAVE_UNISTD_H 1
| #define HAVE_DLFCN_H 1
| #define STDC_HEADERS 1
| #define HAVE_LIMITS_H 1
| #define HAVE_SYS_TYPES_H 1
| #define HAVE_SYS_STAT_H 1
| #define HAVE_DIRENT_H 1
| #define HAVE_STRING 1
| /* end confdefs.h.  */
| #include <bits/type_traits.h>
configure:20557: result: no
configure:20585: checking for bits/type_traits.h
configure:20593: result: no
configure:20623: checking type_traits.h usability
configure:20640: g++ -c -O2  conftest.cpp >&5
conftest.cpp:60:25: error: type_traits.h: No such file or directory
configure:20646: $? = 1
configure: failed program was:
| /* confdefs.h.  */
| #define PACKAGE_NAME "PCRE"
| #define PACKAGE_TARNAME "pcre"
| #define PACKAGE_VERSION "7.4"
| #define PACKAGE_STRING "PCRE 7.4"
| #define PACKAGE_BUGREPORT ""
| #define PACKAGE "pcre"
| #define VERSION "7.4"
| #define STDC_HEADERS 1
| #define HAVE_SYS_TYPES_H 1
| #define HAVE_SYS_STAT_H 1
| #define HAVE_STDLIB_H 1
| #define HAVE_STRING_H 1
| #define HAVE_MEMORY_H 1
| #define HAVE_STRINGS_H 1
| #define HAVE_INTTYPES_H 1
| #define HAVE_STDINT_H 1
| #define HAVE_UNISTD_H 1
| #define HAVE_DLFCN_H 1
| #define STDC_HEADERS 1
| #define HAVE_LIMITS_H 1
| #define HAVE_SYS_TYPES_H 1
| #define HAVE_SYS_STAT_H 1
| #define HAVE_DIRENT_H 1
| #define HAVE_STRING 1
| /* end confdefs.h.  */
| #include <stdio.h>
| #ifdef HAVE_SYS_TYPES_H
| # include <sys/types.h>
| #endif
| #ifdef HAVE_SYS_STAT_H
| # include <sys/stat.h>
| #endif
| #ifdef STDC_HEADERS
| # include <stdlib.h>
| # include <stddef.h>
| #else
| # ifdef HAVE_STDLIB_H
| #  include <stdlib.h>
| # endif
| #endif
| #ifdef HAVE_STRING_H
| # if !defined STDC_HEADERS && defined HAVE_MEMORY_H
| #  include <memory.h>
| # endif
| # include <string.h>
| #endif
| #ifdef HAVE_STRINGS_H
| # include <strings.h>
| #endif
| #ifdef HAVE_INTTYPES_H
| # include <inttypes.h>
| #endif
| #ifdef HAVE_STDINT_H
| # include <stdint.h>
| #endif
| #ifdef HAVE_UNISTD_H
| # include <unistd.h>
| #endif
| #include <type_traits.h>
configure:20660: result: no
configure:20664: checking type_traits.h presence
configure:20679: g++ -E  conftest.cpp
conftest.cpp:27:25: error: type_traits.h: No such file or directory
configure:20685: $? = 1
configure: failed program was:
| /* confdefs.h.  */
| #define PACKAGE_NAME "PCRE"
| #define PACKAGE_TARNAME "pcre"
| #define PACKAGE_VERSION "7.4"
| #define PACKAGE_STRING "PCRE 7.4"
| #define PACKAGE_BUGREPORT ""
| #define PACKAGE "pcre"
| #define VERSION "7.4"
| #define STDC_HEADERS 1
| #define HAVE_SYS_TYPES_H 1
| #define HAVE_SYS_STAT_H 1
| #define HAVE_STDLIB_H 1
| #define HAVE_STRING_H 1
| #define HAVE_MEMORY_H 1
| #define HAVE_STRINGS_H 1
| #define HAVE_INTTYPES_H 1
| #define HAVE_STDINT_H 1
| #define HAVE_UNISTD_H 1
| #define HAVE_DLFCN_H 1
| #define STDC_HEADERS 1
| #define HAVE_LIMITS_H 1
| #define HAVE_SYS_TYPES_H 1
| #define HAVE_SYS_STAT_H 1
| #define HAVE_DIRENT_H 1
| #define HAVE_STRING 1
| /* end confdefs.h.  */
| #include <type_traits.h>
configure:20699: result: no
configure:20727: checking for type_traits.h
configure:20735: result: no
configure:20781: checking for an ANSI C-conforming const
configure:20856: gcc -c -O2  conftest.c >&5
configure:20862: $? = 0
configure:20877: result: yes
configure:20887: checking for size_t
configure:20917: gcc -c -O2  conftest.c >&5
configure:20923: $? = 0
configure:20938: result: yes
configure:20951: checking for long long
configure:20981: gcc -c -O2  conftest.c >&5
configure:20987: $? = 0
configure:21002: result: yes
configure:21015: checking for unsigned long long
configure:21045: gcc -c -O2  conftest.c >&5
configure:21051: $? = 0
configure:21066: result: yes
configure:21093: checking for bcopy
configure:21149: gcc -o conftest -O2   conftest.c  >&5
conftest.c:52: warning: conflicting types for built-in function 'bcopy'
configure:21155: $? = 0
configure:21173: result: yes
configure:21093: checking for memmove
configure:21149: gcc -o conftest -O2   conftest.c  >&5
conftest.c:53: warning: conflicting types for built-in function 'memmove'
configure:21155: $? = 0
configure:21173: result: yes
configure:21093: checking for strerror
configure:21149: gcc -o conftest -O2   conftest.c  >&5
configure:21155: $? = 0
configure:21173: result: yes
configure:21093: checking for strtoq
configure:21149: gcc -o conftest -O2   conftest.c  >&5
configure:21155: $? = 0
configure:21173: result: yes
configure:21093: checking for strtoll
configure:21149: gcc -o conftest -O2   conftest.c  >&5
configure:21155: $? = 0
configure:21173: result: yes
configure:21093: checking for _strtoi64
configure:21149: gcc -o conftest -O2   conftest.c  >&5
Undefined symbols:
  "__strtoi64", referenced from:
      _main in ccSLG6FS.o
ld: symbol(s) not found
collect2: ld returned 1 exit status
configure:21155: $? = 1
configure: failed program was:
| /* confdefs.h.  */
| #define PACKAGE_NAME "PCRE"
| #define PACKAGE_TARNAME "pcre"
| #define PACKAGE_VERSION "7.4"
| #define PACKAGE_STRING "PCRE 7.4"
| #define PACKAGE_BUGREPORT ""
| #define PACKAGE "pcre"
| #define VERSION "7.4"
| #define STDC_HEADERS 1
| #define HAVE_SYS_TYPES_H 1
| #define HAVE_SYS_STAT_H 1
| #define HAVE_STDLIB_H 1
| #define HAVE_STRING_H 1
| #define HAVE_MEMORY_H 1
| #define HAVE_STRINGS_H 1
| #define HAVE_INTTYPES_H 1
| #define HAVE_STDINT_H 1
| #define HAVE_UNISTD_H 1
| #define HAVE_DLFCN_H 1
| #define STDC_HEADERS 1
| #define HAVE_LIMITS_H 1
| #define HAVE_SYS_TYPES_H 1
| #define HAVE_SYS_STAT_H 1
| #define HAVE_DIRENT_H 1
| #define HAVE_STRING 1
| #define HAVE_LONG_LONG 1
| #define HAVE_UNSIGNED_LONG_LONG 1
| #define HAVE_BCOPY 1
| #define HAVE_MEMMOVE 1
| #define HAVE_STRERROR 1
| #define HAVE_STRTOQ 1
| #define HAVE_STRTOLL 1
| /* end confdefs.h.  */
| /* Define _strtoi64 to an innocuous variant, in case <limits.h> declares _strtoi64.
|    For example, HP-UX 11i <limits.h> declares gettimeofday.  */
| #define _strtoi64 innocuous__strtoi64
| 
| /* System header to define __stub macros and hopefully few prototypes,
|     which can conflict with char _strtoi64 (); below.
|     Prefer <limits.h> to <assert.h> if __STDC__ is defined, since
|     <limits.h> exists even on freestanding compilers.  */
| 
| #ifdef __STDC__
| # include <limits.h>
| #else
| # include <assert.h>
| #endif
| 
| #undef _strtoi64
| 
| /* Override any GCC internal prototype to avoid an error.
|    Use char because int might match the return type of a GCC
|    builtin and then its argument prototype would still apply.  */
| #ifdef __cplusplus
| extern "C"
| #endif
| char _strtoi64 ();
| /* The GNU C library defines this for functions which it implements
|     to always fail with ENOSYS.  Some functions are actually named
|     something starting with __ and the normal name is an alias.  */
| #if defined __stub__strtoi64 || defined __stub____strtoi64
| choke me
| #endif
| 
| int
| main ()
| {
| return _strtoi64 ();
|   ;
|   return 0;
| }
configure:21173: result: no
configure:21458: creating ./config.status

## ---------------------- ##
## Running config.status. ##
## ---------------------- ##

This file was extended by PCRE config.status 7.4, which was
generated by GNU Autoconf 2.61.  Invocation command line was

  CONFIG_FILES    = 
  CONFIG_HEADERS  = 
  CONFIG_LINKS    = 
  CONFIG_COMMANDS = 
  $ ./config.status 

on mac131043.med.cornell.edu

config.status:689: creating Makefile
config.status:689: creating libpcre.pc
config.status:689: creating libpcrecpp.pc
config.status:689: creating pcre-config
config.status:689: creating pcre.h
config.status:689: creating pcre_stringpiece.h
config.status:689: creating pcrecpparg.h
config.status:689: creating config.h
config.status:936: config.h is unchanged
config.status:982: executing depfiles commands
config.status:982: executing script-chmod commands
config.status:982: executing delete-old-chartables commands

## ---------------- ##
## Cache variables. ##
## ---------------- ##

ac_cv_build=i386-apple-darwin9.4.0
ac_cv_c_compiler_gnu=yes
ac_cv_c_const=yes
ac_cv_cxx_compiler_gnu=yes
ac_cv_env_CCC_set=
ac_cv_env_CCC_value=
ac_cv_env_CC_set=
ac_cv_env_CC_value=
ac_cv_env_CFLAGS_set=
ac_cv_env_CFLAGS_value=
ac_cv_env_CPPFLAGS_set=
ac_cv_env_CPPFLAGS_value=
ac_cv_env_CPP_set=
ac_cv_env_CPP_value=
ac_cv_env_CXXCPP_set=
ac_cv_env_CXXCPP_value=
ac_cv_env_CXXFLAGS_set=
ac_cv_env_CXXFLAGS_value=
ac_cv_env_CXX_set=
ac_cv_env_CXX_value=
ac_cv_env_F77_set=
ac_cv_env_F77_value=
ac_cv_env_FFLAGS_set=
ac_cv_env_FFLAGS_value=
ac_cv_env_LDFLAGS_set=
ac_cv_env_LDFLAGS_value=
ac_cv_env_LIBS_set=
ac_cv_env_LIBS_value=
ac_cv_env_build_alias_set=
ac_cv_env_build_alias_value=
ac_cv_env_host_alias_set=
ac_cv_env_host_alias_value=
ac_cv_env_target_alias_set=
ac_cv_env_target_alias_value=
ac_cv_f77_compiler_gnu=yes
ac_cv_func__strtoi64=no
ac_cv_func_bcopy=yes
ac_cv_func_memmove=yes
ac_cv_func_strerror=yes
ac_cv_func_strtoll=yes
ac_cv_func_strtoq=yes
ac_cv_header_bits_type_traits_h=no
ac_cv_header_dirent_h=yes
ac_cv_header_dlfcn_h=yes
ac_cv_header_inttypes_h=yes
ac_cv_header_limits_h=yes
ac_cv_header_memory_h=yes
ac_cv_header_stdc=yes
ac_cv_header_stdint_h=yes
ac_cv_header_stdlib_h=yes
ac_cv_header_string=yes
ac_cv_header_string_h=yes
ac_cv_header_strings_h=yes
ac_cv_header_sys_stat_h=yes
ac_cv_header_sys_types_h=yes
ac_cv_header_type_traits_h=no
ac_cv_header_unistd_h=yes
ac_cv_header_windows_h=no
ac_cv_host=i386-apple-darwin9.4.0
ac_cv_objext=o
ac_cv_path_EGREP='/usr/bin/grep -E'
ac_cv_path_GREP=/usr/bin/grep
ac_cv_path_install='/usr/bin/install -c'
ac_cv_path_mkdir=/opt/local/bin/gmkdir
ac_cv_prog_AWK=awk
ac_cv_prog_CPP='gcc -E'
ac_cv_prog_CXXCPP='g++ -E'
ac_cv_prog_ac_ct_AR=ar
ac_cv_prog_ac_ct_CC=gcc
ac_cv_prog_ac_ct_CXX=g++
ac_cv_prog_ac_ct_F77=gfortran
ac_cv_prog_ac_ct_RANLIB=ranlib
ac_cv_prog_ac_ct_STRIP=strip
ac_cv_prog_cc_c89=
ac_cv_prog_cc_g=yes
ac_cv_prog_cxx_g=yes
ac_cv_prog_f77_g=yes
ac_cv_prog_make_make_set=yes
ac_cv_type_long_long=yes
ac_cv_type_size_t=yes
ac_cv_type_unsigned_long_long=yes
am_cv_CC_dependencies_compiler_type=gcc3
am_cv_CXX_dependencies_compiler_type=gcc3
lt_cv_deplibs_check_method=pass_all
lt_cv_file_magic_cmd='$MAGIC_CMD'
lt_cv_file_magic_test_file=
lt_cv_ld_reload_flag=-r
lt_cv_objdir=.libs
lt_cv_path_LD=/usr/libexec/gcc/i686-apple-darwin9/4.0.1/ld
lt_cv_path_LDCXX=/usr/libexec/gcc/i686-apple-darwin9/4.0.1/ld
lt_cv_path_NM='/usr/bin/nm -p'
lt_cv_path_SED=/usr/bin/sed
lt_cv_prog_compiler_c_o=yes
lt_cv_prog_compiler_c_o_CXX=yes
lt_cv_prog_compiler_c_o_F77=yes
lt_cv_prog_compiler_rtti_exceptions=no
lt_cv_prog_gnu_ld=no
lt_cv_prog_gnu_ldcxx=no
lt_cv_sys_global_symbol_pipe='sed -n -e '\''s/^.*[ 	]\([BCDEGRST][BCDEGRST]*\)[ 	][ 	]*_\([_A-Za-z][_A-Za-z0-9]*\)$/\1 _\2 \2/p'\'''
lt_cv_sys_global_symbol_to_c_name_address='sed -n -e '\''s/^: \([^ ]*\) $/  {\"\1\", (lt_ptr) 0},/p'\'' -e '\''s/^[BCDEGRST] \([^ ]*\) \([^ ]*\)$/  {"\2", (lt_ptr) \&\2},/p'\'''
lt_cv_sys_global_symbol_to_cdecl='sed -n -e '\''s/^. .* \(.*\)$/extern int \1;/p'\'''
lt_cv_sys_max_cmd_len=196608
lt_lt_cv_prog_compiler_c_o='"yes"'
lt_lt_cv_prog_compiler_c_o_CXX='"yes"'
lt_lt_cv_prog_compiler_c_o_F77='"yes"'
lt_lt_cv_sys_global_symbol_pipe='"sed -n -e '\''s/^.*[ 	]\\([BCDEGRST][BCDEGRST]*\\)[ 	][ 	]*_\\([_A-Za-z][_A-Za-z0-9]*\\)\$/\\1 _\\2 \\2/p'\''"'
lt_lt_cv_sys_global_symbol_to_c_name_address='"sed -n -e '\''s/^: \\([^ ]*\\) \$/  {\\\"\\1\\\", (lt_ptr) 0},/p'\'' -e '\''s/^[BCDEGRST] \\([^ ]*\\) \\([^ ]*\\)\$/  {\"\\2\", (lt_ptr) \\&\\2},/p'\''"'
lt_lt_cv_sys_global_symbol_to_cdecl='"sed -n -e '\''s/^. .* \\(.*\\)\$/extern int \\1;/p'\''"'

## ----------------- ##
## Output variables. ##
## ----------------- ##

ACLOCAL='${SHELL} /Users/olivier/PROGRAMS/FIRE/PROGRAMS/pcre-7.4/missing --run aclocal-1.10'
AMDEPBACKSLASH='\'
AMDEP_FALSE='#'
AMDEP_TRUE=''
AMTAR='${SHELL} /Users/olivier/PROGRAMS/FIRE/PROGRAMS/pcre-7.4/missing --run tar'
AR='ar'
AS='as'
AUTOCONF='${SHELL} /Users/olivier/PROGRAMS/FIRE/PROGRAMS/pcre-7.4/missing --run autoconf'
AUTOHEADER='${SHELL} /Users/olivier/PROGRAMS/FIRE/PROGRAMS/pcre-7.4/missing --run autoheader'
AUTOMAKE='${SHELL} /Users/olivier/PROGRAMS/FIRE/PROGRAMS/pcre-7.4/missing --run automake-1.10'
AWK='awk'
CC='gcc'
CCDEPMODE='depmode=gcc3'
CFLAGS='-O2'
CPP='gcc -E'
CPPFLAGS=''
CXX='g++'
CXXCPP='g++ -E'
CXXDEPMODE='depmode=gcc3'
CXXFLAGS='-O2'
CYGPATH_W='echo'
DEFS='-DHAVE_CONFIG_H'
DEPDIR='.deps'
DISTCHECK_CONFIGURE_FLAGS='--enable-cpp --enable-unicode-properties'
DLLTOOL='dlltool'
ECHO='/bin/echo'
ECHO_C='ECHO_N=''
ECHO_T=''
EGREP='/usr/bin/grep -E'
EXEEXT=''
EXTRA_LIBPCRECPP_LDFLAGS='  -version-info 0:0:0'
EXTRA_LIBPCREPOSIX_LDFLAGS=' -version-info 0:0:0'
EXTRA_LIBPCRE_LDFLAGS=' -version-info 0:1:0'
F77='gfortran'
FFLAGS='-g -O2'
GREP='/usr/bin/grep'
INSTALL_DATA='${INSTALL} -m 644'
INSTALL_PROGRAM='${INSTALL}'
INSTALL_SCRIPT='${INSTALL}'
INSTALL_STRIP_PROGRAM='$(install_sh) -c -s'
LDFLAGS=''
LIBOBJS=''
LIBS=''
LIBTOOL='$(SHELL) $(top_builddir)/libtool'
LN_S='ln -s'
LTLIBOBJS=''
MAKEINFO='${SHELL} /Users/olivier/PROGRAMS/FIRE/PROGRAMS/pcre-7.4/missing --run makeinfo'
OBJDUMP='objdump'
OBJEXT='o'
PACKAGE='pcre'
PACKAGE_BUGREPORT=''
PACKAGE_NAME='PCRE'
PACKAGE_STRING='PCRE 7.4'
PACKAGE_TARNAME='pcre'
PACKAGE_VERSION='7.4'
PATH_SEPARATOR=':'
PCRE_DATE='2007-09-21'
PCRE_MAJOR='7'
PCRE_MINOR='4'
PCRE_PRERELEASE=''
RANLIB='ranlib'
SED='/usr/bin/sed'
SET_MAKE=''
SHELL='/bin/sh'
STRIP='strip'
VERSION='7.4'
WITH_PCRE_CPP_FALSE='#'
WITH_PCRE_CPP_TRUE=''
WITH_REBUILD_CHARTABLES_FALSE=''
WITH_REBUILD_CHARTABLES_TRUE='#'
ac_ct_CC='gcc'
ac_ct_CXX='g++'
ac_ct_F77='gfortran'
am__fastdepCC_FALSE='#'
am__fastdepCC_TRUE=''
am__fastdepCXX_FALSE='#'
am__fastdepCXX_TRUE=''
am__include='include'
am__isrc=''
am__leading_dot='.'
am__quote=''
am__tar='${AMTAR} chof - "$$tardir"'
am__untar='${AMTAR} xf -'
bindir='${exec_prefix}/bin'
build='i386-apple-darwin9.4.0'
build_alias=''
build_cpu='i386'
build_os='darwin9.4.0'
build_vendor='apple'
datadir='${datarootdir}'
datarootdir='${prefix}/share'
docdir='${datarootdir}/doc/${PACKAGE_TARNAME}'
dvidir='${docdir}'
exec_prefix='${prefix}'
host='i386-apple-darwin9.4.0'
host_alias=''
host_cpu='i386'
host_os='darwin9.4.0'
host_vendor='apple'
htmldir='${docdir}/html'
includedir='${prefix}/include'
infodir='${datarootdir}/info'
install_sh='$(SHELL) /Users/olivier/PROGRAMS/FIRE/PROGRAMS/pcre-7.4/install-sh'
libdir='${exec_prefix}/lib'
libexecdir='${exec_prefix}/libexec'
localedir='${datarootdir}/locale'
localstatedir='${prefix}/var'
mandir='${datarootdir}/man'
mkdir_p='/opt/local/bin/gmkdir -p'
oldincludedir='/usr/include'
pcre_have_bits_type_traits='0'
pcre_have_long_long='1'
pcre_have_type_traits='0'
pcre_have_ulong_long='1'
pdfdir='${docdir}'
prefix='/Users/olivier/PROGRAMS/FIRE/PROGRAMS/pcre-7.4/../../modules'
program_transform_name='s,x,x,'
psdir='${docdir}'
sbindir='${exec_prefix}/sbin'
sharedstatedir='${prefix}/com'
sysconfdir='${prefix}/etc'
target_alias=''

## ----------- ##
## confdefs.h. ##
## ----------- ##

#define PACKAGE_NAME "PCRE"
#define PACKAGE_TARNAME "pcre"
#define PACKAGE_VERSION "7.4"
#define PACKAGE_STRING "PCRE 7.4"
#define PACKAGE_BUGREPORT ""
#define PACKAGE "pcre"
#define VERSION "7.4"
#define STDC_HEADERS 1
#define HAVE_SYS_TYPES_H 1
#define HAVE_SYS_STAT_H 1
#define HAVE_STDLIB_H 1
#define HAVE_STRING_H 1
#define HAVE_MEMORY_H 1
#define HAVE_STRINGS_H 1
#define HAVE_INTTYPES_H 1
#define HAVE_STDINT_H 1
#define HAVE_UNISTD_H 1
#define HAVE_DLFCN_H 1
#define STDC_HEADERS 1
#define HAVE_LIMITS_H 1
#define HAVE_SYS_TYPES_H 1
#define HAVE_SYS_STAT_H 1
#define HAVE_DIRENT_H 1
#define HAVE_STRING 1
#define HAVE_LONG_LONG 1
#define HAVE_UNSIGNED_LONG_LONG 1
#define HAVE_BCOPY 1
#define HAVE_MEMMOVE 1
#define HAVE_STRERROR 1
#define HAVE_STRTOQ 1
#define HAVE_STRTOLL 1
#define NEWLINE 10
#define LINK_SIZE 2
#define POSIX_MALLOC_THRESHOLD 10
#define MATCH_LIMIT 10000000
#define MATCH_LIMIT_RECURSION MATCH_LIMIT
#define MAX_NAME_SIZE 32
#define MAX_NAME_COUNT 10000

configure: exit 0
