This file contains any messages produced by compilers while
running configure, to aid debugging if configure makes a mistake.

It was created by FIRE configure 1.1, which was
generated by GNU Autoconf 2.68.  Invocation command line was

  $ ./configure 

## --------- ##
## Platform. ##
## --------- ##

hostname = mac134577.local
uname -m = x86_64
uname -r = 10.7.0
uname -s = Darwin
uname -v = Darwin Kernel Version 10.7.0: Sat Jan 29 15:16:10 PST 2011; root:xnu-1504.9.37~1/RELEASE_X86_64

/usr/bin/uname -p = i386
/bin/uname -X     = unknown

/bin/arch              = unknown
/usr/bin/arch -k       = unknown
/usr/convex/getsysinfo = unknown
/usr/bin/hostinfo      = Mach kernel version:
	 Darwin Kernel Version 10.7.0: Sat Jan 29 15:16:10 PST 2011; root:xnu-1504.9.37~1/RELEASE_X86_64
Kernel configured for up to 2 processors.
2 processors are physically available.
2 processors are logically available.
Processor type: i486 (Intel 80486)
Processors active: 0 1
Primary memory available: 4.00 gigabytes
Default processor set: 82 tasks, 341 threads, 2 processors
Load average: 0.04, Mach factor: 1.95
/bin/machine           = unknown
/usr/bin/oslevel       = unknown
/bin/universe          = unknown

PATH: /opt/local/bin
PATH: /opt/local/sbin
PATH: /usr/bin
PATH: /bin
PATH: /usr/sbin
PATH: /sbin
PATH: /usr/local/bin
PATH: /usr/X11/bin
PATH: /Users/eug2002/Development/ChIPseeqer/trunk/dist
PATH: /Users/eug2002/Development/ChIPseeqer/trunk/tools/FIRE
PATH: /Users/eug2002/Development/ChIPseeqer/trunk/tools/PAGE
PATH: /Users/eug2002/Development/ChIPseeqer/trunk/dist/SCRIPTS
PATH: /Users/eug2002/Development/ChIPseeqer/trunk/tools/HEATMAP
PATH: /Users/eug2002/Development/ChIPseeqer/trunk/tools/PERL_MODULES
PATH: /Users/eug2002/Development/ChIPseeqer/trunk/tools/PERL_SCRIPTS
PATH: /Users/eug2002/Development/ChIPseeqer/trunk/tools/KOHONEN
PATH: /opt/local/bin
PATH: /Users/eug2002/Development/CSMODEL
PATH: /Users/eug2002/Development/Homer/bin/


## ----------- ##
## Core tests. ##
## ----------- ##

configure:2236: checking for a BSD-compatible install
configure:2304: result: /opt/local/bin/ginstall -c
configure:2315: checking whether build environment is sane
configure:2352: result: yes
configure:2414: checking for gawk
configure:2430: found /opt/local/bin/gawk
configure:2441: result: gawk
configure:2452: checking whether make sets $(MAKE)
configure:2474: result: yes
configure:2658: checking build system type
configure:2672: result: i686-apple-darwin10.7.0
configure:2692: checking host system type
configure:2705: result: i686-apple-darwin10.7.0
configure:2777: checking for gcc
configure:2793: found /usr/bin/gcc
configure:2804: result: gcc
configure:3033: checking for C compiler version
configure:3042: gcc --version >&5
i686-apple-darwin10-gcc-4.2.1 (GCC) 4.2.1 (Apple Inc. build 5666) (dot 3)
Copyright (C) 2007 Free Software Foundation, Inc.
This is free software; see the source for copying conditions.  There is NO
warranty; not even for MERCHANTABILITY or FITNESS FOR A PARTICULAR PURPOSE.

configure:3053: $? = 0
configure:3042: gcc -v >&5
Using built-in specs.
Target: i686-apple-darwin10
Configured with: /var/tmp/gcc/gcc-5666.3~6/src/configure --disable-checking --enable-werror --prefix=/usr --mandir=/share/man --enable-languages=c,objc,c++,obj-c++ --program-transform-name=/^[cg][^.-]*$/s/$/-4.2/ --with-slibdir=/usr/lib --build=i686-apple-darwin10 --program-prefix=i686-apple-darwin10- --host=x86_64-apple-darwin10 --target=i686-apple-darwin10 --with-gxx-include-dir=/include/c++/4.2.1
Thread model: posix
gcc version 4.2.1 (Apple Inc. build 5666) (dot 3)
configure:3053: $? = 0
configure:3042: gcc -V >&5
gcc-4.2: argument to `-V' is missing
configure:3053: $? = 1
configure:3042: gcc -qversion >&5
i686-apple-darwin10-gcc-4.2.1: no input files
configure:3053: $? = 1
configure:3073: checking whether the C compiler works
configure:3095: gcc  -arch x86_64 -I/opt/local/include  -L/opt/local/lib conftest.c  >&5
configure:3099: $? = 0
configure:3147: result: yes
configure:3150: checking for C compiler default output file name
configure:3152: result: a.out
configure:3158: checking for suffix of executables
configure:3165: gcc -o conftest  -arch x86_64 -I/opt/local/include  -L/opt/local/lib conftest.c  >&5
configure:3169: $? = 0
configure:3191: result: 
configure:3213: checking whether we are cross compiling
configure:3221: gcc -o conftest  -arch x86_64 -I/opt/local/include  -L/opt/local/lib conftest.c  >&5
configure:3225: $? = 0
configure:3232: ./conftest
configure:3236: $? = 0
configure:3251: result: no
configure:3256: checking for suffix of object files
configure:3278: gcc -c  -arch x86_64 -I/opt/local/include  conftest.c >&5
configure:3282: $? = 0
configure:3303: result: o
configure:3307: checking whether we are using the GNU C compiler
configure:3326: gcc -c  -arch x86_64 -I/opt/local/include  conftest.c >&5
configure:3326: $? = 0
configure:3335: result: yes
configure:3344: checking whether gcc accepts -g
configure:3364: gcc -c -g  conftest.c >&5
configure:3364: $? = 0
configure:3405: result: yes
configure:3422: checking for gcc option to accept ISO C89
configure:3486: gcc  -c  -arch x86_64 -I/opt/local/include  conftest.c >&5
configure:3486: $? = 0
configure:3499: result: none needed
configure:3530: checking for style of include used by make
configure:3558: result: GNU
configure:3586: checking dependency style of gcc
configure:3676: result: gcc3
configure:3694: checking whether make sets $(MAKE)
configure:3716: result: yes
configure:3768: checking for ranlib
configure:3784: found /usr/bin/ranlib
configure:3795: result: ranlib
configure:3823: checking for find
configure:3841: found /usr/bin/find
configure:3853: result: /usr/bin/find
configure:3868: checking for perl
configure:3886: found /opt/local/bin/perl
configure:3898: result: /opt/local/bin/perl
configure:3913: checking for cp
configure:3931: found /bin/cp
configure:3943: result: /bin/cp
configure:3956: checking for main in -lpcre
configure:3975: gcc -o conftest  -arch x86_64 -I/opt/local/include  -L/opt/local/lib conftest.c -lpcre   >&5
configure:3975: $? = 0
configure:3984: result: yes
configure:4022: checking for /Users/eug2002/Development/ChIPseeqer/branches/ChIPseeqer-2.0/tools/FIRE/modules/lib/libpcre.dylib
configure:4036: result: no
configure:4080: checking how to run the C preprocessor
configure:4111: gcc -E  conftest.c
configure:4111: $? = 0
configure:4125: gcc -E  conftest.c
conftest.c:11:28: error: ac_nonexistent.h: No such file or directory
configure:4125: $? = 1
configure: failed program was:
| /* confdefs.h */
| #define PACKAGE_NAME "FIRE"
| #define PACKAGE_TARNAME "FIRE"
| #define PACKAGE_VERSION "1.1"
| #define PACKAGE_STRING "FIRE 1.1"
| #define PACKAGE_BUGREPORT "elemento@princeton.edu"
| #define PACKAGE_URL ""
| #define PACKAGE "FIRE"
| #define VERSION "1.1"
| /* end confdefs.h.  */
| #include <ac_nonexistent.h>
configure:4150: result: gcc -E
configure:4170: gcc -E  conftest.c
configure:4170: $? = 0
configure:4184: gcc -E  conftest.c
conftest.c:11:28: error: ac_nonexistent.h: No such file or directory
configure:4184: $? = 1
configure: failed program was:
| /* confdefs.h */
| #define PACKAGE_NAME "FIRE"
| #define PACKAGE_TARNAME "FIRE"
| #define PACKAGE_VERSION "1.1"
| #define PACKAGE_STRING "FIRE 1.1"
| #define PACKAGE_BUGREPORT "elemento@princeton.edu"
| #define PACKAGE_URL ""
| #define PACKAGE "FIRE"
| #define VERSION "1.1"
| /* end confdefs.h.  */
| #include <ac_nonexistent.h>
configure:4213: checking for grep that handles long lines and -e
configure:4271: result: /usr/bin/grep
configure:4276: checking for egrep
configure:4338: result: /usr/bin/grep -E
configure:4343: checking for ANSI C header files
configure:4363: gcc -c  -arch x86_64 -I/opt/local/include  conftest.c >&5
configure:4363: $? = 0
configure:4436: gcc -o conftest  -arch x86_64 -I/opt/local/include  -L/opt/local/lib conftest.c  >&5
configure:4436: $? = 0
configure:4436: ./conftest
configure:4436: $? = 0
configure:4447: result: yes
configure:4460: checking for sys/types.h
configure:4460: gcc -c  -arch x86_64 -I/opt/local/include  conftest.c >&5
configure:4460: $? = 0
configure:4460: result: yes
configure:4460: checking for sys/stat.h
configure:4460: gcc -c  -arch x86_64 -I/opt/local/include  conftest.c >&5
configure:4460: $? = 0
configure:4460: result: yes
configure:4460: checking for stdlib.h
configure:4460: gcc -c  -arch x86_64 -I/opt/local/include  conftest.c >&5
configure:4460: $? = 0
configure:4460: result: yes
configure:4460: checking for string.h
configure:4460: gcc -c  -arch x86_64 -I/opt/local/include  conftest.c >&5
configure:4460: $? = 0
configure:4460: result: yes
configure:4460: checking for memory.h
configure:4460: gcc -c  -arch x86_64 -I/opt/local/include  conftest.c >&5
configure:4460: $? = 0
configure:4460: result: yes
configure:4460: checking for strings.h
configure:4460: gcc -c  -arch x86_64 -I/opt/local/include  conftest.c >&5
configure:4460: $? = 0
configure:4460: result: yes
configure:4460: checking for inttypes.h
configure:4460: gcc -c  -arch x86_64 -I/opt/local/include  conftest.c >&5
configure:4460: $? = 0
configure:4460: result: yes
configure:4460: checking for stdint.h
configure:4460: gcc -c  -arch x86_64 -I/opt/local/include  conftest.c >&5
configure:4460: $? = 0
configure:4460: result: yes
configure:4460: checking for unistd.h
configure:4460: gcc -c  -arch x86_64 -I/opt/local/include  conftest.c >&5
configure:4460: $? = 0
configure:4460: result: yes
configure:4475: checking limits.h usability
configure:4475: gcc -c  -arch x86_64 -I/opt/local/include  conftest.c >&5
configure:4475: $? = 0
configure:4475: result: yes
configure:4475: checking limits.h presence
configure:4475: gcc -E  conftest.c
configure:4475: $? = 0
configure:4475: result: yes
configure:4475: checking for limits.h
configure:4475: result: yes
configure:4475: checking stddef.h usability
configure:4475: gcc -c  -arch x86_64 -I/opt/local/include  conftest.c >&5
configure:4475: $? = 0
configure:4475: result: yes
configure:4475: checking stddef.h presence
configure:4475: gcc -E  conftest.c
configure:4475: $? = 0
configure:4475: result: yes
configure:4475: checking for stddef.h
configure:4475: result: yes
configure:4475: checking for stdlib.h
configure:4475: result: yes
configure:4475: checking for string.h
configure:4475: result: yes
configure:4475: checking sys/timeb.h usability
configure:4475: gcc -c  -arch x86_64 -I/opt/local/include  conftest.c >&5
configure:4475: $? = 0
configure:4475: result: yes
configure:4475: checking sys/timeb.h presence
configure:4475: gcc -E  conftest.c
configure:4475: $? = 0
configure:4475: result: yes
configure:4475: checking for sys/timeb.h
configure:4475: result: yes
configure:4489: checking sunmath.h usability
configure:4489: gcc -c  -arch x86_64 -I/opt/local/include  conftest.c >&5
conftest.c:59:21: error: sunmath.h: No such file or directory
configure:4489: $? = 1
configure: failed program was:
| /* confdefs.h */
| #define PACKAGE_NAME "FIRE"
| #define PACKAGE_TARNAME "FIRE"
| #define PACKAGE_VERSION "1.1"
| #define PACKAGE_STRING "FIRE 1.1"
| #define PACKAGE_BUGREPORT "elemento@princeton.edu"
| #define PACKAGE_URL ""
| #define PACKAGE "FIRE"
| #define VERSION "1.1"
| #define STDC_HEADERS 1
| #define HAVE_SYS_TYPES_H 1
| #define HAVE_SYS_STAT_H 1
| #define HAVE_STDLIB_H 1
| #define HAVE_STRING_H 1
| #define HAVE_MEMORY_H 1
| #define HAVE_STRINGS_H 1
| #define HAVE_INTTYPES_H 1
| #define HAVE_STDINT_H 1
| #define HAVE_UNISTD_H 1
| #define HAVE_LIMITS_H 1
| #define HAVE_STDDEF_H 1
| #define HAVE_STDLIB_H 1
| #define HAVE_STRING_H 1
| #define HAVE_SYS_TIMEB_H 1
| /* end confdefs.h.  */
| #include <stdio.h>
| #ifdef HAVE_SYS_TYPES_H
| # include <sys/types.h>
| #endif
| #ifdef HAVE_SYS_STAT_H
| # include <sys/stat.h>
| #endif
| #ifdef STDC_HEADERS
| # include <stdlib.h>
| # include <stddef.h>
| #else
| # ifdef HAVE_STDLIB_H
| #  include <stdlib.h>
| # endif
| #endif
| #ifdef HAVE_STRING_H
| # if !defined STDC_HEADERS && defined HAVE_MEMORY_H
| #  include <memory.h>
| # endif
| # include <string.h>
| #endif
| #ifdef HAVE_STRINGS_H
| # include <strings.h>
| #endif
| #ifdef HAVE_INTTYPES_H
| # include <inttypes.h>
| #endif
| #ifdef HAVE_STDINT_H
| # include <stdint.h>
| #endif
| #ifdef HAVE_UNISTD_H
| # include <unistd.h>
| #endif
| #include <sunmath.h>
configure:4489: result: no
configure:4489: checking sunmath.h presence
configure:4489: gcc -E  conftest.c
conftest.c:26:21: error: sunmath.h: No such file or directory
configure:4489: $? = 1
configure: failed program was:
| /* confdefs.h */
| #define PACKAGE_NAME "FIRE"
| #define PACKAGE_TARNAME "FIRE"
| #define PACKAGE_VERSION "1.1"
| #define PACKAGE_STRING "FIRE 1.1"
| #define PACKAGE_BUGREPORT "elemento@princeton.edu"
| #define PACKAGE_URL ""
| #define PACKAGE "FIRE"
| #define VERSION "1.1"
| #define STDC_HEADERS 1
| #define HAVE_SYS_TYPES_H 1
| #define HAVE_SYS_STAT_H 1
| #define HAVE_STDLIB_H 1
| #define HAVE_STRING_H 1
| #define HAVE_MEMORY_H 1
| #define HAVE_STRINGS_H 1
| #define HAVE_INTTYPES_H 1
| #define HAVE_STDINT_H 1
| #define HAVE_UNISTD_H 1
| #define HAVE_LIMITS_H 1
| #define HAVE_STDDEF_H 1
| #define HAVE_STDLIB_H 1
| #define HAVE_STRING_H 1
| #define HAVE_SYS_TIMEB_H 1
| /* end confdefs.h.  */
| #include <sunmath.h>
configure:4489: result: no
configure:4489: checking for sunmath.h
configure:4489: result: no
configure:4512: checking for stdbool.h that conforms to C99
configure:4579: gcc -c  -arch x86_64 -I/opt/local/include  conftest.c >&5
configure:4579: $? = 0
configure:4586: result: yes
configure:4588: checking for _Bool
configure:4588: gcc -c  -arch x86_64 -I/opt/local/include  conftest.c >&5
configure:4588: $? = 0
configure:4588: gcc -c  -arch x86_64 -I/opt/local/include  conftest.c >&5
conftest.c: In function 'main':
conftest.c:62: error: expected expression before ')' token
configure:4588: $? = 1
configure: failed program was:
| /* confdefs.h */
| #define PACKAGE_NAME "FIRE"
| #define PACKAGE_TARNAME "FIRE"
| #define PACKAGE_VERSION "1.1"
| #define PACKAGE_STRING "FIRE 1.1"
| #define PACKAGE_BUGREPORT "elemento@princeton.edu"
| #define PACKAGE_URL ""
| #define PACKAGE "FIRE"
| #define VERSION "1.1"
| #define STDC_HEADERS 1
| #define HAVE_SYS_TYPES_H 1
| #define HAVE_SYS_STAT_H 1
| #define HAVE_STDLIB_H 1
| #define HAVE_STRING_H 1
| #define HAVE_MEMORY_H 1
| #define HAVE_STRINGS_H 1
| #define HAVE_INTTYPES_H 1
| #define HAVE_STDINT_H 1
| #define HAVE_UNISTD_H 1
| #define HAVE_LIMITS_H 1
| #define HAVE_STDDEF_H 1
| #define HAVE_STDLIB_H 1
| #define HAVE_STRING_H 1
| #define HAVE_SYS_TIMEB_H 1
| /* end confdefs.h.  */
| #include <stdio.h>
| #ifdef HAVE_SYS_TYPES_H
| # include <sys/types.h>
| #endif
| #ifdef HAVE_SYS_STAT_H
| # include <sys/stat.h>
| #endif
| #ifdef STDC_HEADERS
| # include <stdlib.h>
| # include <stddef.h>
| #else
| # ifdef HAVE_STDLIB_H
| #  include <stdlib.h>
| # endif
| #endif
| #ifdef HAVE_STRING_H
| # if !defined STDC_HEADERS && defined HAVE_MEMORY_H
| #  include <memory.h>
| # endif
| # include <string.h>
| #endif
| #ifdef HAVE_STRINGS_H
| # include <strings.h>
| #endif
| #ifdef HAVE_INTTYPES_H
| # include <inttypes.h>
| #endif
| #ifdef HAVE_STDINT_H
| # include <stdint.h>
| #endif
| #ifdef HAVE_UNISTD_H
| # include <unistd.h>
| #endif
| int
| main ()
| {
| if (sizeof ((_Bool)))
| 	    return 0;
|   ;
|   return 0;
| }
configure:4588: result: yes
configure:4604: checking for an ANSI C-conforming const
configure:4669: gcc -c  -arch x86_64 -I/opt/local/include  conftest.c >&5
configure:4669: $? = 0
configure:4676: result: yes
configure:4684: checking for inline
configure:4700: gcc -c  -arch x86_64 -I/opt/local/include  conftest.c >&5
configure:4700: $? = 0
configure:4708: result: inline
configure:4730: checking for stdlib.h
configure:4730: result: yes
configure:4740: checking for GNU libc compatible malloc
configure:4764: gcc -o conftest  -arch x86_64 -I/opt/local/include  -L/opt/local/lib conftest.c  >&5
configure:4764: $? = 0
configure:4764: ./conftest
configure:4764: $? = 0
configure:4774: result: yes
configure:4797: checking for stdlib.h
configure:4797: result: yes
configure:4807: checking for GNU libc compatible realloc
configure:4831: gcc -o conftest  -arch x86_64 -I/opt/local/include  -L/opt/local/lib conftest.c  >&5
configure:4831: $? = 0
configure:4831: ./conftest
configure:4831: $? = 0
configure:4841: result: yes
configure:4865: checking for floor
configure:4865: gcc -o conftest  -arch x86_64 -I/opt/local/include  -L/opt/local/lib conftest.c  >&5
conftest.c:55: warning: conflicting types for built-in function 'floor'
configure:4865: $? = 0
configure:4865: result: yes
configure:4865: checking for ftime
configure:4865: gcc -o conftest  -arch x86_64 -I/opt/local/include  -L/opt/local/lib conftest.c  >&5
configure:4865: $? = 0
configure:4865: result: yes
configure:4865: checking for pow
configure:4865: gcc -o conftest  -arch x86_64 -I/opt/local/include  -L/opt/local/lib conftest.c  >&5
conftest.c:57: warning: conflicting types for built-in function 'pow'
configure:4865: $? = 0
configure:4865: result: yes
configure:4865: checking for sqrt
configure:4865: gcc -o conftest  -arch x86_64 -I/opt/local/include  -L/opt/local/lib conftest.c  >&5
conftest.c:58: warning: conflicting types for built-in function 'sqrt'
configure:4865: $? = 0
configure:4865: result: yes
configure:4865: checking for strdup
configure:4865: gcc -o conftest  -arch x86_64 -I/opt/local/include  -L/opt/local/lib conftest.c  >&5
conftest.c:59: warning: conflicting types for built-in function 'strdup'
configure:4865: $? = 0
configure:4865: result: yes
configure:4865: checking for trunc
configure:4865: gcc -o conftest  -arch x86_64 -I/opt/local/include  -L/opt/local/lib conftest.c  >&5
conftest.c:60: warning: conflicting types for built-in function 'trunc'
configure:4865: $? = 0
configure:4865: result: yes
configure:4865: checking for nearbyintf
configure:4865: gcc -o conftest  -arch x86_64 -I/opt/local/include  -L/opt/local/lib conftest.c  >&5
conftest.c:61: warning: conflicting types for built-in function 'nearbyintf'
configure:4865: $? = 0
configure:4865: result: yes
configure:5026: creating ./config.status

## ---------------------- ##
## Running config.status. ##
## ---------------------- ##

This file was extended by FIRE config.status 1.1, which was
generated by GNU Autoconf 2.68.  Invocation command line was

  CONFIG_FILES    = 
  CONFIG_HEADERS  = 
  CONFIG_LINKS    = 
  CONFIG_COMMANDS = 
  $ ./config.status 

on mac134577.local

config.status:892: creating Makefile
config.status:995: WARNING:  'Makefile.in' seems to ignore the --datarootdir setting
config.status:892: creating PROGRAMS/Makefile
config.status:995: WARNING:  'PROGRAMS/Makefile.in' seems to ignore the --datarootdir setting
config.status:892: creating SCRIPTS/Makefile
config.status:995: WARNING:  'SCRIPTS/Makefile.in' seems to ignore the --datarootdir setting
config.status:892: creating PROGRAMS/config.h
config.status:1067: PROGRAMS/config.h is unchanged
config.status:1114: executing depfiles commands

## ---------------- ##
## Cache variables. ##
## ---------------- ##

ac_cv_build=i686-apple-darwin10.7.0
ac_cv_c_compiler_gnu=yes
ac_cv_c_const=yes
ac_cv_c_inline=inline
ac_cv_env_CC_set=
ac_cv_env_CC_value=
ac_cv_env_CFLAGS_set=set
ac_cv_env_CFLAGS_value=' -arch x86_64 -I/opt/local/include'
ac_cv_env_CPPFLAGS_set=
ac_cv_env_CPPFLAGS_value=
ac_cv_env_CPP_set=
ac_cv_env_CPP_value=
ac_cv_env_LDFLAGS_set=set
ac_cv_env_LDFLAGS_value=-L/opt/local/lib
ac_cv_env_LIBS_set=
ac_cv_env_LIBS_value=
ac_cv_env_build_alias_set=
ac_cv_env_build_alias_value=
ac_cv_env_host_alias_set=
ac_cv_env_host_alias_value=
ac_cv_env_target_alias_set=
ac_cv_env_target_alias_value=
ac_cv_file__Users_eug2002_Development_ChIPseeqer_branches_ChIPseeqer_2_0_tools_FIRE_modules_lib_libpcre_dylib=no
ac_cv_func_floor=yes
ac_cv_func_ftime=yes
ac_cv_func_malloc_0_nonnull=yes
ac_cv_func_nearbyintf=yes
ac_cv_func_pow=yes
ac_cv_func_realloc_0_nonnull=yes
ac_cv_func_sqrt=yes
ac_cv_func_strdup=yes
ac_cv_func_trunc=yes
ac_cv_header_inttypes_h=yes
ac_cv_header_limits_h=yes
ac_cv_header_memory_h=yes
ac_cv_header_stdbool_h=yes
ac_cv_header_stdc=yes
ac_cv_header_stddef_h=yes
ac_cv_header_stdint_h=yes
ac_cv_header_stdlib_h=yes
ac_cv_header_string_h=yes
ac_cv_header_strings_h=yes
ac_cv_header_sunmath_h=no
ac_cv_header_sys_stat_h=yes
ac_cv_header_sys_timeb_h=yes
ac_cv_header_sys_types_h=yes
ac_cv_header_unistd_h=yes
ac_cv_host=i686-apple-darwin10.7.0
ac_cv_lib_pcre=ac_cv_lib_pcre_main
ac_cv_lib_pcre_main=yes
ac_cv_objext=o
ac_cv_path_CP=/bin/cp
ac_cv_path_EGREP='/usr/bin/grep -E'
ac_cv_path_FIND=/usr/bin/find
ac_cv_path_GREP=/usr/bin/grep
ac_cv_path_PERL=/opt/local/bin/perl
ac_cv_path_install='/opt/local/bin/ginstall -c'
ac_cv_prog_AWK=gawk
ac_cv_prog_CPP='gcc -E'
ac_cv_prog_ac_ct_CC=gcc
ac_cv_prog_ac_ct_RANLIB=ranlib
ac_cv_prog_cc_c89=
ac_cv_prog_cc_g=yes
ac_cv_prog_make_make_set=yes
ac_cv_type__Bool=yes
am_cv_CC_dependencies_compiler_type=gcc3

## ----------------- ##
## Output variables. ##
## ----------------- ##

ACLOCAL='${SHELL} /Users/eug2002/Development/ChIPseeqer/branches/ChIPseeqer-2.0/tools/FIRE/missing --run aclocal-1.9'
AMDEPBACKSLASH='\'
AMDEP_FALSE='#'
AMDEP_TRUE=''
AMTAR='${SHELL} /Users/eug2002/Development/ChIPseeqer/branches/ChIPseeqer-2.0/tools/FIRE/missing --run tar'
AUTOCONF='${SHELL} /Users/eug2002/Development/ChIPseeqer/branches/ChIPseeqer-2.0/tools/FIRE/missing --run autoconf'
AUTOHEADER='${SHELL} /Users/eug2002/Development/ChIPseeqer/branches/ChIPseeqer-2.0/tools/FIRE/missing --run autoheader'
AUTOMAKE='${SHELL} /Users/eug2002/Development/ChIPseeqer/branches/ChIPseeqer-2.0/tools/FIRE/missing --run automake-1.9'
AWK='gawk'
CC='gcc'
CCDEPMODE='depmode=gcc3'
CFLAGS=' -arch x86_64 -I/opt/local/include'
CP='/bin/cp'
CPP='gcc -E'
CPPFLAGS=''
CYGPATH_W='echo'
DEFS='-DHAVE_CONFIG_H'
DEPDIR='.deps'
ECHO_C='\c'
ECHO_N=''
ECHO_T=''
EGREP='/usr/bin/grep -E'
EXEEXT=''
FIND='/usr/bin/find'
GREP='/usr/bin/grep'
HAVE_SUNMATH_FALSE=''
HAVE_SUNMATH_TRUE='#'
INSTALL_DATA='${INSTALL} -m 644'
INSTALL_PROGRAM='${INSTALL}'
INSTALL_SCRIPT='${INSTALL}'
INSTALL_STRIP_PROGRAM='${SHELL} $(install_sh) -c -s'
LDFLAGS='-L/opt/local/lib'
LIBOBJS=''
LIBS=''
LTLIBOBJS=''
MAKEINFO='${SHELL} /Users/eug2002/Development/ChIPseeqer/branches/ChIPseeqer-2.0/tools/FIRE/missing --run makeinfo'
OBJEXT='o'
PACKAGE='FIRE'
PACKAGE_BUGREPORT='elemento@princeton.edu'
PACKAGE_NAME='FIRE'
PACKAGE_STRING='FIRE 1.1'
PACKAGE_TARNAME='FIRE'
PACKAGE_URL=''
PACKAGE_VERSION='1.1'
PATH_SEPARATOR=':'
PCRELIB='-lpcre'
PCRELOCALLIB=''
PERL='/opt/local/bin/perl'
RANLIB='ranlib'
SET_MAKE=''
SHELL='/bin/sh'
STRIP=''
USE_MYHYPERGEOM_FALSE=''
USE_MYHYPERGEOM_TRUE='#'
VERSION='1.1'
ac_ct_CC='gcc'
am__fastdepCC_FALSE='#'
am__fastdepCC_TRUE=''
am__include='include'
am__leading_dot='.'
am__quote=''
am__tar='${AMTAR} chof - "$$tardir"'
am__untar='${AMTAR} xf -'
bindir='${exec_prefix}/bin'
build='i686-apple-darwin10.7.0'
build_alias=''
build_cpu='i686'
build_os='darwin10.7.0'
build_vendor='apple'
datadir='${datarootdir}'
datarootdir='${prefix}/share'
docdir='${datarootdir}/doc/${PACKAGE_TARNAME}'
dvidir='${docdir}'
exec_prefix='${prefix}'
host='i686-apple-darwin10.7.0'
host_alias=''
host_cpu='i686'
host_os='darwin10.7.0'
host_vendor='apple'
htmldir='${docdir}'
includedir='${prefix}/include'
infodir='${datarootdir}/info'
install_sh='/Users/eug2002/Development/ChIPseeqer/branches/ChIPseeqer-2.0/tools/FIRE/install-sh'
libdir='${exec_prefix}/lib'
libexecdir='${exec_prefix}/libexec'
localedir='${datarootdir}/locale'
localstatedir='${prefix}/var'
mandir='${datarootdir}/man'
mkdir_p='$(install_sh) -d'
oldincludedir='/usr/include'
pdfdir='${docdir}'
prefix='/usr/local'
program_transform_name='s,x,x,'
psdir='${docdir}'
sbindir='${exec_prefix}/sbin'
sharedstatedir='${prefix}/com'
sysconfdir='${prefix}/etc'
target_alias=''

## ----------- ##
## confdefs.h. ##
## ----------- ##

/* confdefs.h */
#define PACKAGE_NAME "FIRE"
#define PACKAGE_TARNAME "FIRE"
#define PACKAGE_VERSION "1.1"
#define PACKAGE_STRING "FIRE 1.1"
#define PACKAGE_BUGREPORT "elemento@princeton.edu"
#define PACKAGE_URL ""
#define PACKAGE "FIRE"
#define VERSION "1.1"
#define STDC_HEADERS 1
#define HAVE_SYS_TYPES_H 1
#define HAVE_SYS_STAT_H 1
#define HAVE_STDLIB_H 1
#define HAVE_STRING_H 1
#define HAVE_MEMORY_H 1
#define HAVE_STRINGS_H 1
#define HAVE_INTTYPES_H 1
#define HAVE_STDINT_H 1
#define HAVE_UNISTD_H 1
#define HAVE_LIMITS_H 1
#define HAVE_STDDEF_H 1
#define HAVE_STDLIB_H 1
#define HAVE_STRING_H 1
#define HAVE_SYS_TIMEB_H 1
#define HAVE__BOOL 1
#define HAVE_STDBOOL_H 1
#define HAVE_STDLIB_H 1
#define HAVE_MALLOC 1
#define HAVE_STDLIB_H 1
#define HAVE_REALLOC 1
#define HAVE_FLOOR 1
#define HAVE_FTIME 1
#define HAVE_POW 1
#define HAVE_SQRT 1
#define HAVE_STRDUP 1
#define HAVE_TRUNC 1
#define HAVE_NEARBYINTF 1

configure: exit 0
